2024-11-24 23:50:46,693 [INFO]: Starting integrated job...
2024-11-24 23:50:46,693 [INFO]: Cloning repository...
2024-11-24 23:53:13,214 [INFO]: Repository updated successfully.
2024-11-24 23:53:13,221 [INFO]: Killing previous jobs...
2024-11-24 23:53:13,235 [INFO]: Previous jobs killed successfully.
2024-11-24 23:53:13,236 [INFO]: Starting model retraining...
2024-11-24 23:53:13,257 [ERROR]: Failed to start model retraining: Command '['nohup', 'python3', '/Users/libowen/SD3rd/bigdata/assign2/bowl/retraining_project/train_model.py', '&']' returned non-zero exit status 2.
2024-11-24 23:53:13,257 [ERROR]: An unexpected error occurred: Command '['nohup', 'python3', '/Users/libowen/SD3rd/bigdata/assign2/bowl/retraining_project/train_model.py', '&']' returned non-zero exit status 2.
2024-11-25 00:09:37,339 [INFO]: Starting integrated job...
2024-11-25 00:09:37,339 [INFO]: Pulling latest changes from repository...
2024-11-25 00:09:37,904 [INFO]: Repository updated successfully.
2024-11-25 00:09:37,904 [INFO]: Killing previous jobs...
2024-11-25 00:09:37,921 [INFO]: Previous jobs killed successfully.
2024-11-25 00:09:37,921 [INFO]: Starting model retraining...
2024-11-25 00:09:37,926 [INFO]: Model retraining started successfully.
2024-11-25 00:09:37,926 [INFO]: Uploading model to MinIO...
2024-11-25 00:09:37,931 [ERROR]: An unexpected error occurred: [Errno 2] No such file or directory: 'mc'
2024-11-25 00:20:53,103 [INFO]: Starting integrated job...
2024-11-25 00:20:53,103 [INFO]: Cloning repository...
2024-11-25 00:22:59,609 [INFO]: Repository updated successfully.
2024-11-25 00:22:59,609 [INFO]: Killing previous jobs...
2024-11-25 00:22:59,624 [INFO]: Previous jobs killed successfully.
2024-11-25 00:22:59,624 [INFO]: Starting model retraining...
2024-11-25 00:22:59,627 [INFO]: Model retraining started successfully.
2024-11-25 00:22:59,627 [INFO]: Uploading model to MinIO...
2024-11-25 00:22:59,629 [ERROR]: An unexpected error occurred: [Errno 2] No such file or directory: 'mc'
2024-11-25 00:23:24,055 [INFO]: Starting integrated job...
2024-11-25 00:23:24,056 [INFO]: Pulling latest changes from repository...
2024-11-25 00:23:24,647 [INFO]: Repository updated successfully.
2024-11-25 00:23:24,647 [INFO]: Killing previous jobs...
2024-11-25 00:23:24,665 [INFO]: Previous jobs killed successfully.
2024-11-25 00:23:24,666 [INFO]: Starting model retraining...
2024-11-25 00:23:24,672 [INFO]: Model retraining started successfully.
2024-11-25 00:23:24,672 [INFO]: Uploading model to MinIO...
2024-11-25 00:23:24,678 [ERROR]: An unexpected error occurred: [Errno 2] No such file or directory: 'mc'
2024-11-25 00:26:13,991 [INFO]: Starting integrated job...
2024-11-25 00:26:13,991 [INFO]: Pulling latest changes from repository...
2024-11-25 00:26:14,847 [INFO]: Repository updated successfully.
2024-11-25 00:26:14,847 [INFO]: Killing previous jobs...
2024-11-25 00:26:14,861 [INFO]: Previous jobs killed successfully.
2024-11-25 00:26:14,861 [INFO]: Starting model retraining...
2024-11-25 00:26:14,865 [INFO]: Model retraining started successfully.
2024-11-25 00:26:14,865 [INFO]: Uploading model to MinIO...
2024-11-25 00:26:14,867 [ERROR]: An unexpected error occurred: [Errno 2] No such file or directory: 'mc'
2024-11-25 00:26:34,776 [INFO]: Starting integrated job...
2024-11-25 00:26:34,776 [INFO]: Pulling latest changes from repository...
2024-11-25 00:26:35,179 [INFO]: Repository updated successfully.
2024-11-25 00:26:35,179 [INFO]: Killing previous jobs...
2024-11-25 00:26:35,191 [INFO]: Previous jobs killed successfully.
2024-11-25 00:26:35,191 [INFO]: Starting model retraining...
2024-11-25 00:26:35,194 [INFO]: Model retraining started successfully.
2024-11-25 00:26:35,194 [INFO]: Uploading model to MinIO...
2024-11-25 00:26:35,196 [ERROR]: An unexpected error occurred: [Errno 2] No such file or directory: 'mc'
2024-11-25 00:32:31,315 [INFO]: Starting integrated job...
2024-11-25 00:32:31,316 [INFO]: Pulling latest changes from repository...
2024-11-25 00:32:31,713 [INFO]: Repository updated successfully.
2024-11-25 00:32:31,713 [INFO]: Killing previous jobs...
2024-11-25 00:32:31,726 [INFO]: Previous jobs killed successfully.
2024-11-25 00:32:31,726 [INFO]: Starting model retraining...
2024-11-25 00:32:31,729 [INFO]: Model retraining started successfully.
2024-11-25 00:32:31,729 [INFO]: Uploading model to MinIO...
2024-11-25 00:32:31,730 [ERROR]: An unexpected error occurred: [Errno 2] No such file or directory: 'mc'
2024-11-25 00:36:58,728 [INFO]: Starting integrated job...
2024-11-25 00:36:58,729 [INFO]: Pulling latest changes from repository...
2024-11-25 00:36:59,114 [INFO]: Repository updated successfully.
2024-11-25 00:36:59,114 [INFO]: Killing previous jobs...
2024-11-25 00:36:59,126 [INFO]: Previous jobs killed successfully.
2024-11-25 00:36:59,127 [INFO]: Starting model retraining...
2024-11-25 00:36:59,130 [INFO]: Model retraining started successfully.
2024-11-25 00:36:59,130 [INFO]: Uploading model to MinIO...
2024-11-25 00:36:59,131 [ERROR]: An unexpected error occurred: [Errno 2] No such file or directory: 'mc'
2024-11-25 00:40:18,967 [INFO]: Starting integrated job...
2024-11-25 00:40:18,967 [INFO]: Pulling latest changes from repository...
2024-11-25 00:40:19,388 [INFO]: Repository updated successfully.
2024-11-25 00:40:19,388 [INFO]: Killing previous jobs...
2024-11-25 00:40:19,401 [INFO]: Previous jobs killed successfully.
2024-11-25 00:40:19,401 [INFO]: Starting model retraining...
2024-11-25 00:40:19,404 [INFO]: Model retraining started successfully.
2024-11-25 00:40:19,404 [INFO]: Uploading model to MinIO...
2024-11-25 00:40:19,406 [ERROR]: An unexpected error occurred: [Errno 2] No such file or directory: 'mc'
2024-11-25 00:43:51,022 [INFO]: Starting integrated job...
2024-11-25 00:43:51,022 [INFO]: Pulling latest changes from repository...
2024-11-25 00:43:51,792 [INFO]: Repository updated successfully.
2024-11-25 00:43:51,793 [INFO]: Killing previous jobs...
2024-11-25 00:43:51,807 [INFO]: Previous jobs killed successfully.
2024-11-25 00:43:51,808 [INFO]: Starting model retraining...
2024-11-25 00:43:51,811 [INFO]: Model retraining started successfully.
2024-11-25 00:43:51,811 [INFO]: Uploading model to MinIO...
2024-11-25 00:43:51,813 [ERROR]: An unexpected error occurred: [Errno 2] No such file or directory: 'mc'
2024-11-25 00:49:20,993 [INFO]: Starting integrated job...
2024-11-25 00:49:20,993 [INFO]: Pulling latest changes from repository...
2024-11-25 00:49:21,528 [INFO]: Repository updated successfully.
2024-11-25 00:49:21,528 [INFO]: Killing previous jobs...
2024-11-25 00:49:21,555 [INFO]: Previous jobs killed successfully.
2024-11-25 00:49:21,555 [INFO]: Starting model retraining...
2024-11-25 00:49:21,558 [INFO]: Model retraining started successfully.
2024-11-25 00:49:21,558 [INFO]: Uploading model to MinIO...
2024-11-25 00:49:21,559 [ERROR]: An unexpected error occurred: [Errno 2] No such file or directory: 'mc'
2024-11-25 00:51:06,593 [INFO]: Starting integrated job...
2024-11-25 00:51:06,593 [INFO]: Pulling latest changes from repository...
2024-11-25 00:51:07,018 [INFO]: Repository updated successfully.
2024-11-25 00:51:07,018 [INFO]: Killing previous jobs...
2024-11-25 00:51:07,029 [INFO]: Previous jobs killed successfully.
2024-11-25 00:51:07,029 [INFO]: Starting model retraining...
2024-11-25 00:51:07,032 [INFO]: Model retraining started successfully.
2024-11-25 00:51:07,032 [INFO]: Uploading model to MinIO...
2024-11-25 00:51:07,034 [ERROR]: An unexpected error occurred: [Errno 2] No such file or directory: 'mc'
2024-11-25 01:03:17,351 [INFO]: Starting integrated job...
2024-11-25 01:03:17,352 [INFO]: Pulling latest changes from repository...
2024-11-25 01:03:17,781 [INFO]: Repository updated successfully.
2024-11-25 01:03:17,781 [INFO]: Killing previous jobs...
2024-11-25 01:03:17,792 [INFO]: Previous jobs killed successfully.
2024-11-25 01:03:17,793 [INFO]: Starting model retraining...
2024-11-25 01:03:17,796 [INFO]: Model retraining started successfully.
2024-11-25 01:03:17,796 [INFO]: Uploading model to MinIO...
2024-11-25 01:03:17,798 [ERROR]: An unexpected error occurred: [Errno 2] No such file or directory: 'mc'
2024-11-25 01:04:37,996 [INFO]: Starting integrated job...
2024-11-25 01:04:37,996 [INFO]: Pulling latest changes from repository...
2024-11-25 01:04:38,382 [INFO]: Repository updated successfully.
2024-11-25 01:04:38,383 [INFO]: Killing previous jobs...
2024-11-25 01:04:38,397 [INFO]: Previous jobs killed successfully.
2024-11-25 01:04:38,397 [INFO]: Starting model retraining...
2024-11-25 01:04:38,401 [INFO]: Model retraining started successfully.
2024-11-25 01:04:38,401 [INFO]: Uploading model to MinIO...
2024-11-25 01:04:38,403 [ERROR]: An unexpected error occurred: [Errno 2] No such file or directory: 'mc'
2024-11-25 01:05:21,950 [INFO]: Starting integrated job...
2024-11-25 01:05:21,950 [INFO]: Pulling latest changes from repository...
2024-11-25 01:05:22,353 [INFO]: Repository updated successfully.
2024-11-25 01:05:22,353 [INFO]: Killing previous jobs...
2024-11-25 01:05:22,369 [INFO]: Previous jobs killed successfully.
2024-11-25 01:05:22,369 [INFO]: Starting model retraining...
2024-11-25 01:05:22,374 [INFO]: Model retraining started successfully.
2024-11-25 01:05:22,374 [INFO]: Uploading model to MinIO...
2024-11-25 01:05:22,376 [ERROR]: An unexpected error occurred: [Errno 2] No such file or directory: 'mc'
2024-11-25 01:07:17,890 [INFO]: Starting integrated job...
2024-11-25 01:07:17,890 [INFO]: Pulling latest changes from repository...
2024-11-25 01:07:18,301 [INFO]: Repository updated successfully.
2024-11-25 01:07:18,301 [INFO]: Killing previous jobs...
2024-11-25 01:07:18,314 [INFO]: Previous jobs killed successfully.
2024-11-25 01:07:18,314 [INFO]: Starting model retraining...
2024-11-25 01:07:18,317 [INFO]: Model retraining started successfully.
2024-11-25 01:07:18,317 [INFO]: Uploading model to MinIO...
2024-11-25 01:07:18,318 [ERROR]: An unexpected error occurred: [Errno 2] No such file or directory: 'mc'
2024-11-25 01:08:42,887 [INFO]: Starting integrated job...
2024-11-25 01:08:42,888 [INFO]: Pulling latest changes from repository...
2024-11-25 01:08:43,368 [INFO]: Repository updated successfully.
2024-11-25 01:08:43,368 [INFO]: Killing previous jobs...
2024-11-25 01:08:43,380 [INFO]: Previous jobs killed successfully.
2024-11-25 01:08:43,380 [INFO]: Starting model retraining...
2024-11-25 01:08:43,384 [INFO]: Model retraining started successfully.
2024-11-25 01:08:43,384 [INFO]: Uploading model to MinIO...
2024-11-25 01:08:43,385 [ERROR]: An unexpected error occurred: [Errno 2] No such file or directory: 'mc'
2024-11-25 01:11:14,893 [INFO]: Starting integrated job...
2024-11-25 01:11:14,893 [INFO]: Pulling latest changes from repository...
2024-11-25 01:11:15,619 [INFO]: Repository updated successfully.
2024-11-25 01:11:15,619 [INFO]: Killing previous jobs...
2024-11-25 01:11:15,630 [INFO]: Previous jobs killed successfully.
2024-11-25 01:11:15,630 [INFO]: Starting model retraining...
2024-11-25 01:11:15,633 [INFO]: Model retraining started successfully.
2024-11-25 01:11:15,633 [INFO]: Uploading model to MinIO...
2024-11-25 01:11:15,635 [ERROR]: An unexpected error occurred: [Errno 2] No such file or directory: 'mc'
2024-11-25 01:11:50,113 [INFO]: Starting integrated job...
2024-11-25 01:11:50,113 [INFO]: Pulling latest changes from repository...
2024-11-25 01:11:50,603 [INFO]: Repository updated successfully.
2024-11-25 01:11:50,603 [INFO]: Killing previous jobs...
2024-11-25 01:11:50,616 [INFO]: Previous jobs killed successfully.
2024-11-25 01:11:50,616 [INFO]: Starting model retraining...
2024-11-25 01:11:50,619 [INFO]: Model retraining started successfully.
2024-11-25 01:11:50,620 [INFO]: Uploading model to MinIO...
2024-11-25 01:11:50,621 [ERROR]: An unexpected error occurred: [Errno 2] No such file or directory: 'mc'
2024-11-25 01:13:08,724 [INFO]: Starting integrated job...
2024-11-25 01:13:08,724 [INFO]: Pulling latest changes from repository...
2024-11-25 01:13:09,095 [INFO]: Repository updated successfully.
2024-11-25 01:13:09,095 [INFO]: Killing previous jobs...
2024-11-25 01:13:09,106 [INFO]: Previous jobs killed successfully.
2024-11-25 01:13:09,106 [INFO]: Starting model retraining...
2024-11-25 01:13:09,109 [INFO]: Model retraining started successfully.
2024-11-25 01:13:09,109 [INFO]: Uploading model to MinIO...
2024-11-25 01:13:09,110 [ERROR]: An unexpected error occurred: [Errno 2] No such file or directory: 'mc'
2024-11-25 01:14:12,738 [INFO]: Starting integrated job...
2024-11-25 01:14:12,738 [INFO]: Pulling latest changes from repository...
2024-11-25 01:14:13,185 [INFO]: Repository updated successfully.
2024-11-25 01:14:13,185 [INFO]: Killing previous jobs...
2024-11-25 01:14:13,197 [INFO]: Previous jobs killed successfully.
2024-11-25 01:14:13,197 [INFO]: Starting model retraining...
2024-11-25 01:14:13,200 [INFO]: Model retraining started successfully.
2024-11-25 01:14:13,200 [INFO]: Uploading model to MinIO...
2024-11-25 01:14:13,201 [ERROR]: An unexpected error occurred: [Errno 2] No such file or directory: 'mc'
2024-11-25 01:18:46,493 [INFO]: Starting integrated job...
2024-11-25 01:18:46,494 [INFO]: Pulling latest changes from repository...
2024-11-25 01:18:47,078 [INFO]: Repository updated successfully.
2024-11-25 01:18:47,078 [INFO]: Killing previous jobs...
2024-11-25 01:18:47,102 [INFO]: Previous jobs killed successfully.
2024-11-25 01:18:47,102 [INFO]: Starting model retraining...
2024-11-25 01:18:47,105 [INFO]: Model retraining started successfully.
2024-11-25 01:18:47,105 [INFO]: Uploading model to MinIO...
2024-11-25 01:18:47,107 [ERROR]: An unexpected error occurred: [Errno 2] No such file or directory: 'mc'
2024-11-25 01:20:12,678 [INFO]: Starting integrated job...
2024-11-25 01:20:12,678 [INFO]: Pulling latest changes from repository...
2024-11-25 01:20:13,298 [INFO]: Repository updated successfully.
2024-11-25 01:20:13,298 [INFO]: Killing previous jobs...
2024-11-25 01:20:13,321 [INFO]: Previous jobs killed successfully.
2024-11-25 01:20:13,321 [INFO]: Starting model retraining...
2024-11-25 01:20:13,325 [INFO]: Model retraining started successfully.
2024-11-25 01:20:13,325 [INFO]: Uploading model to MinIO...
2024-11-25 01:20:13,326 [ERROR]: An unexpected error occurred: [Errno 2] No such file or directory: 'mc'
2024-11-25 01:22:15,331 [INFO]: Starting integrated job...
2024-11-25 01:22:15,331 [INFO]: Pulling latest changes from repository...
2024-11-25 01:22:15,680 [INFO]: Repository updated successfully.
2024-11-25 01:22:15,680 [INFO]: Killing previous jobs...
2024-11-25 01:22:15,691 [INFO]: Previous jobs killed successfully.
2024-11-25 01:22:15,691 [INFO]: Starting model retraining...
2024-11-25 01:22:15,693 [INFO]: Model retraining started successfully.
2024-11-25 01:22:15,693 [INFO]: Uploading model to MinIO...
2024-11-25 01:22:15,695 [ERROR]: An unexpected error occurred: [Errno 2] No such file or directory: 'mc'
2024-11-25 21:54:35,758 [INFO]: Starting integrated job...
2024-11-25 21:54:35,758 [INFO]: Killing previous jobs...
2024-11-25 21:54:35,772 [INFO]: Previous jobs killed successfully.
2024-11-25 21:54:35,772 [INFO]: Starting model retraining...
2024-11-25 21:54:35,774 [INFO]: Model retraining started successfully.
2024-11-25 21:54:35,775 [INFO]: Uploading model to MinIO...
2024-11-25 21:54:35,776 [ERROR]: An unexpected error occurred: [Errno 2] No such file or directory: 'mc'
2024-11-25 21:55:48,225 [INFO]: Starting integrated job...
2024-11-25 21:55:48,225 [INFO]: Killing previous jobs...
2024-11-25 21:55:48,238 [INFO]: Previous jobs killed successfully.
2024-11-25 21:55:48,238 [INFO]: Starting model retraining...
2024-11-25 21:55:48,241 [INFO]: Model retraining started successfully.
2024-11-25 21:55:48,241 [INFO]: Uploading model to MinIO...
2024-11-25 21:55:48,242 [ERROR]: An unexpected error occurred: [Errno 2] No such file or directory: 'mc'
2024-11-25 22:28:06,296 [INFO]: Starting integrated job...
2024-11-25 22:28:06,297 [INFO]: Killing previous jobs...
2024-11-25 22:28:06,312 [INFO]: Previous jobs killed successfully.
2024-11-25 22:28:06,312 [INFO]: Starting model retraining...
2024-11-25 22:28:06,315 [INFO]: Model retraining started successfully.
2024-11-25 22:28:06,315 [INFO]: Uploading model to MinIO...
2024-11-25 22:28:07,706 [ERROR]: Failed to upload model to MinIO: Command '['mc', 'alias', 'set', 'minio', 'http://localhost:9000', 'admin', 'password']' returned non-zero exit status 1.
2024-11-25 22:28:07,706 [ERROR]: An unexpected error occurred: Command '['mc', 'alias', 'set', 'minio', 'http://localhost:9000', 'admin', 'password']' returned non-zero exit status 1.
2024-11-25 22:34:45,410 [INFO]: Starting integrated job...
2024-11-25 22:34:45,411 [INFO]: Killing previous jobs...
2024-11-25 22:34:45,427 [INFO]: Previous jobs killed successfully.
2024-11-25 22:34:45,427 [INFO]: Starting model retraining...
2024-11-25 22:34:45,429 [INFO]: Model retraining started successfully.
2024-11-25 22:34:45,429 [INFO]: Uploading model to MinIO...
2024-11-25 22:34:45,629 [ERROR]: Failed to set MinIO alias. Error: mc: <ERROR> Unable to initialize new alias from the provided credentials. Get "http://localhost:9000/probe-bsign-iwv0z4b92hbyfg55kaiprtx5kvmeou/?location=": dial tcp [::1]:9000: connect: connection refused.
2024-11-25 22:34:45,629 [ERROR]: Failed to upload model to MinIO: mc: <ERROR> Unable to initialize new alias from the provided credentials. Get "http://localhost:9000/probe-bsign-iwv0z4b92hbyfg55kaiprtx5kvmeou/?location=": dial tcp [::1]:9000: connect: connection refused.

2024-11-25 22:34:45,629 [ERROR]: An unexpected error occurred: Command '['mc', 'alias', 'set', 'minio', 'http://localhost:9000', 'admin', 'password']' returned non-zero exit status 1.
2024-11-25 22:42:46,540 [INFO]: Starting integrated job...
2024-11-25 22:42:46,540 [INFO]: Killing previous jobs...
2024-11-25 22:42:46,555 [INFO]: Previous jobs killed successfully.
2024-11-25 22:42:46,556 [INFO]: Starting model retraining...
2024-11-25 22:42:46,558 [INFO]: Model retraining started successfully.
2024-11-25 22:42:46,558 [INFO]: Uploading model to MinIO...
2024-11-25 22:42:46,768 [ERROR]: Failed to set MinIO alias. Error: mc: <ERROR> Unable to initialize new alias from the provided credentials. Get "http://localhost:9000/probe-bsign-d2hvduzkq15yg2s5o1u6oxecf5yujn/?location=": dial tcp [::1]:9000: connect: connection refused.
2024-11-25 22:42:46,768 [ERROR]: Failed to upload model to MinIO: mc: <ERROR> Unable to initialize new alias from the provided credentials. Get "http://localhost:9000/probe-bsign-d2hvduzkq15yg2s5o1u6oxecf5yujn/?location=": dial tcp [::1]:9000: connect: connection refused.

2024-11-25 22:42:46,768 [ERROR]: An unexpected error occurred: Command '['mc', 'alias', 'set', 'minio', 'http://localhost:9000', 'minioadmin', 'minioadmin']' returned non-zero exit status 1.
2024-11-25 22:46:52,993 [INFO]: Starting integrated job...
2024-11-25 22:46:53,023 [INFO]: MinIO is not running. Starting MinIO...
2024-11-25 22:46:53,024 [INFO]: MinIO started successfully.
2024-11-25 22:46:53,024 [INFO]: Killing previous jobs...
2024-11-25 22:46:53,037 [INFO]: Previous jobs killed successfully.
2024-11-25 22:46:53,037 [INFO]: Starting model retraining...
2024-11-25 22:46:53,039 [INFO]: Model retraining started successfully.
2024-11-25 22:46:53,040 [INFO]: Uploading model to MinIO...
2024-11-25 22:46:53,328 [ERROR]: Failed to set MinIO alias. Error: mc: <ERROR> Unable to initialize new alias from the provided credentials. Get "http://localhost:9000/probe-bsign-k5yqcjree1pv9asrwrz9f3ydq11k0i/?location=": dial tcp [::1]:9000: connect: connection refused.
2024-11-25 22:46:53,328 [ERROR]: Failed to upload model to MinIO: mc: <ERROR> Unable to initialize new alias from the provided credentials. Get "http://localhost:9000/probe-bsign-k5yqcjree1pv9asrwrz9f3ydq11k0i/?location=": dial tcp [::1]:9000: connect: connection refused.

2024-11-25 22:46:53,328 [ERROR]: An unexpected error occurred: Command '['mc', 'alias', 'set', 'minio', 'http://localhost:9000', 'minioadmin', 'minioadmin']' returned non-zero exit status 1.
2024-11-25 22:52:14,987 [INFO]: Starting integrated job...
2024-11-25 22:52:15,021 [INFO]: MinIO is already running.
2024-11-25 22:52:15,021 [INFO]: Killing previous jobs...
2024-11-25 22:52:15,033 [INFO]: Previous jobs killed successfully.
2024-11-25 22:52:15,033 [INFO]: Starting model retraining...
2024-11-25 22:52:15,036 [INFO]: Model retraining started successfully.
2024-11-25 22:52:15,036 [INFO]: Uploading model to MinIO...
2024-11-25 22:52:15,331 [INFO]: MinIO alias minio set successfully.
2024-11-25 22:52:15,642 [ERROR]: Failed to upload model to MinIO: None
2024-11-25 22:52:15,642 [ERROR]: An unexpected error occurred: Command '['mc', 'cp', '-r', '/Users/libowen/SD3rd/bigdata/assign2/bowl/saved_model', 'minio/models']' returned non-zero exit status 1.
2024-11-25 23:23:42,593 [INFO]: Starting integrated job...
2024-11-25 23:23:42,643 [INFO]: MinIO is already running.
2024-11-25 23:23:42,644 [INFO]: Killing previous jobs...
2024-11-25 23:23:42,664 [INFO]: Previous jobs killed successfully.
2024-11-25 23:23:42,664 [INFO]: Starting model retraining...
2024-11-25 23:23:42,674 [INFO]: Model retraining started successfully.
2024-11-25 23:23:43,431 [INFO]: Downloading model XGBoost from MLflow run be22346b27ad4cb4b52dc1fc3354773e...
2024-11-25 23:23:43,432 [ERROR]: Failed to download model from MLflow: download_artifacts() got an unexpected keyword argument 'model_uri'
2024-11-25 23:23:43,432 [ERROR]: An unexpected error occurred: download_artifacts() got an unexpected keyword argument 'model_uri'
2024-11-25 23:25:13,163 [INFO]: Starting integrated job...
2024-11-25 23:25:13,211 [INFO]: MinIO is already running.
2024-11-25 23:25:13,211 [INFO]: Killing previous jobs...
2024-11-25 23:25:13,230 [INFO]: Previous jobs killed successfully.
2024-11-25 23:25:13,230 [INFO]: Starting model retraining...
2024-11-25 23:25:13,235 [INFO]: Model retraining started successfully.
2024-11-25 23:25:13,748 [INFO]: Downloading model XGBoost from MLflow run be22346b27ad4cb4b52dc1fc3354773e...
2024-11-25 23:25:13,748 [ERROR]: Failed to download model from MLflow: download_artifacts() got an unexpected keyword argument 'model_uri'
2024-11-25 23:25:13,748 [ERROR]: An unexpected error occurred: download_artifacts() got an unexpected keyword argument 'model_uri'
2024-11-26 14:13:43,394 [INFO]: Starting integrated job...
2024-11-26 14:13:43,450 [INFO]: MinIO is not running. Starting MinIO...
2024-11-26 14:13:43,453 [INFO]: MinIO started successfully.
2024-11-26 14:13:43,453 [INFO]: Killing previous jobs...
2024-11-26 14:13:43,480 [INFO]: Previous jobs killed successfully.
2024-11-26 14:13:43,480 [INFO]: Starting model retraining...
2024-11-26 14:13:43,483 [INFO]: Model retraining started successfully.
2024-11-26 14:13:43,483 [INFO]: Uploading model to MinIO...
2024-11-26 14:13:43,782 [ERROR]: Failed to set MinIO alias. Error: mc: <ERROR> Unable to initialize new alias from the provided credentials. Get "http://localhost:9000/probe-bsign-5xhaw2cdhg69k9yu45xukwntpvwjzk/?location=": dial tcp [::1]:9000: connect: connection refused.
2024-11-26 14:13:43,782 [ERROR]: Failed to upload model to MinIO: mc: <ERROR> Unable to initialize new alias from the provided credentials. Get "http://localhost:9000/probe-bsign-5xhaw2cdhg69k9yu45xukwntpvwjzk/?location=": dial tcp [::1]:9000: connect: connection refused.

2024-11-26 14:13:43,782 [ERROR]: An unexpected error occurred: Command '['mc', 'alias', 'set', 'minio', 'http://localhost:9000', 'minioadmin', 'minioadmin']' returned non-zero exit status 1.
2024-11-26 14:25:48,219 [INFO]: Starting integrated job...
2024-11-26 14:25:48,289 [INFO]: MinIO is already running.
2024-11-26 14:25:48,289 [INFO]: Killing previous jobs...
2024-11-26 14:25:48,312 [INFO]: Previous jobs killed successfully.
2024-11-26 14:25:48,312 [INFO]: Starting model retraining...
2024-11-26 14:25:48,316 [INFO]: Model retraining started successfully.
2024-11-26 14:25:48,316 [INFO]: Uploading model to MinIO...
2024-11-26 14:36:49,420 [ERROR]: Failed to set MinIO alias. Error: 
2024-11-26 14:36:49,420 [ERROR]: Failed to upload model to MinIO: 
2024-11-26 14:36:49,421 [ERROR]: An unexpected error occurred: Command '['mc', 'alias', 'set', 'minio', 'http://localhost:9000', 'minioadmin', 'minioadmin']' died with <Signals.SIGKILL: 9>.
2024-11-26 14:50:17,825 [INFO]: Starting integrated job...
2024-11-26 14:50:17,881 [INFO]: MinIO is not running. Starting MinIO...
2024-11-26 14:50:17,885 [INFO]: MinIO started successfully.
2024-11-26 14:50:17,885 [INFO]: Killing previous jobs...
2024-11-26 14:50:17,908 [INFO]: Previous jobs killed successfully.
2024-11-26 14:50:17,908 [INFO]: Starting model retraining...
2024-11-26 14:50:17,915 [INFO]: Model retraining started successfully.
2024-11-26 14:50:17,916 [INFO]: Uploading model to MinIO...
2024-11-26 14:50:18,185 [ERROR]: Failed to set MinIO alias. Error: mc: <ERROR> Unable to initialize new alias from the provided credentials. Get "http://localhost:9000/probe-bsign-1pzfq5kpt516n1xvssmjey0r9xnnyh/?location=": dial tcp [::1]:9000: connect: connection refused.
2024-11-26 14:50:18,185 [ERROR]: Failed to upload model to MinIO: mc: <ERROR> Unable to initialize new alias from the provided credentials. Get "http://localhost:9000/probe-bsign-1pzfq5kpt516n1xvssmjey0r9xnnyh/?location=": dial tcp [::1]:9000: connect: connection refused.

2024-11-26 14:50:18,185 [ERROR]: An unexpected error occurred: Command '['mc', 'alias', 'set', 'minio', 'http://localhost:9000', 'minioadmin', 'minioadmin']' returned non-zero exit status 1.
2024-11-26 14:54:24,757 [INFO]: Starting integrated job...
2024-11-26 14:54:24,802 [INFO]: MinIO is not running. Starting MinIO...
2024-11-26 14:54:24,805 [INFO]: MinIO started successfully.
2024-11-26 14:54:24,805 [ERROR]: MinIO is not running. Exiting program.
2024-11-26 14:56:05,284 [INFO]: Starting integrated job...
2024-11-26 14:56:05,327 [INFO]: MinIO is not running. Starting MinIO...
2024-11-26 14:56:10,397 [INFO]: MinIO started successfully.
2024-11-26 14:56:10,397 [INFO]: Killing previous jobs...
2024-11-26 14:56:10,422 [INFO]: Previous jobs killed successfully.
2024-11-26 14:56:10,422 [INFO]: Starting model retraining...
2024-11-26 14:56:10,426 [INFO]: Model retraining started successfully.
2024-11-26 14:56:10,426 [INFO]: Uploading model to MinIO...
2024-11-26 14:56:10,878 [INFO]: MinIO alias minio set successfully.
2024-11-26 14:56:11,330 [ERROR]: Failed to upload model to MinIO: None
2024-11-26 14:56:11,330 [ERROR]: An unexpected error occurred: Command '['mc', 'cp', '-r', '/Users/libowen/SD3rd/bigdata/assign2/bowl/saved_model', 'minio/models']' returned non-zero exit status 1.
2024-11-26 14:58:59,535 [INFO]: Starting integrated job...
2024-11-26 14:58:59,588 [INFO]: MinIO is already running.
2024-11-26 14:58:59,589 [INFO]: Killing previous jobs...
2024-11-26 14:58:59,609 [INFO]: Previous jobs killed successfully.
2024-11-26 14:58:59,609 [INFO]: Starting model retraining...
2024-11-26 14:58:59,613 [INFO]: Model retraining started successfully.
2024-11-26 14:58:59,613 [INFO]: Uploading model to MinIO...
2024-11-26 14:58:59,927 [INFO]: MinIO alias minio set successfully.
2024-11-26 14:59:00,347 [ERROR]: Failed to upload model to MinIO: None
2024-11-26 14:59:00,348 [ERROR]: An unexpected error occurred: Command '['mc', 'cp', '-r', '/Users/libowen/SD3rd/bigdata/assign2/bowl/saved_model', 'minio/models']' returned non-zero exit status 1.
2024-11-26 15:27:31,421 [INFO]: Starting the integrated pipeline...
2024-11-26 15:27:31,421 [INFO]: Starting Docker Compose services...
2024-11-26 15:27:31,660 [ERROR]: Failed to start Docker Compose services: None
2024-11-26 15:27:31,660 [ERROR]: Pipeline execution failed: Command '['docker-compose', '-f', '/Users/libowen/SD3rd/bigdata/assign2/bowl/docker-compose.yml', 'up', '-d']' returned non-zero exit status 15.
2024-11-26 15:27:31,660 [INFO]: Stopping Docker Compose services...
2024-11-26 15:27:31,690 [ERROR]: Failed to stop Docker Compose services: None
2024-11-26 15:28:16,628 [INFO]: Starting the integrated pipeline...
2024-11-26 15:28:16,628 [INFO]: Starting Docker Compose services...
2024-11-26 15:28:35,036 [ERROR]: Failed to start Docker Compose services: None
2024-11-26 15:28:35,036 [ERROR]: Pipeline execution failed: Command '['docker-compose', '-f', '/Users/libowen/SD3rd/bigdata/assign2/bowl/docker-compose.yml', 'up', '-d']' returned non-zero exit status 17.
2024-11-26 15:28:35,037 [INFO]: Stopping Docker Compose services...
2024-11-26 15:28:35,080 [INFO]: Docker Compose services stopped successfully.
2024-11-26 15:30:42,108 [INFO]: Starting the integrated pipeline...
2024-11-26 15:30:42,108 [INFO]: Starting Docker Compose services...
2024-11-26 15:30:42,290 [ERROR]: Failed to start Docker Compose services: None
2024-11-26 15:30:42,290 [ERROR]: Pipeline execution failed: Command '['docker-compose', '-f', '/Users/libowen/SD3rd/bigdata/assign2/bowl/docker-compose.yml', 'up', '-d']' returned non-zero exit status 15.
2024-11-26 15:30:42,290 [INFO]: Stopping Docker Compose services...
2024-11-26 15:30:42,327 [ERROR]: Failed to stop Docker Compose services: None
2024-11-26 15:31:39,010 [INFO]: Starting the integrated pipeline...
2024-11-26 15:31:39,010 [INFO]: Starting Docker Compose services...
2024-11-26 15:31:40,242 [ERROR]: Failed to start Docker Compose services: None
2024-11-26 15:31:40,242 [ERROR]: Pipeline execution failed: Command '['docker-compose', '-f', '/Users/libowen/SD3rd/bigdata/assign2/bowl/docker-compose.yml', 'up', '-d']' returned non-zero exit status 18.
2024-11-26 15:31:40,242 [INFO]: Stopping Docker Compose services...
2024-11-26 15:31:40,293 [INFO]: Docker Compose services stopped successfully.
2024-11-26 15:33:11,466 [INFO]: Starting the integrated pipeline...
2024-11-26 15:33:11,466 [INFO]: Starting Docker Compose services...
2024-11-26 15:33:25,484 [ERROR]: Failed to start Docker Compose services: None
2024-11-26 15:33:25,485 [ERROR]: Pipeline execution failed: Command '['docker-compose', '-f', '/Users/libowen/SD3rd/bigdata/assign2/bowl/docker-compose.yml', 'up', '-d']' returned non-zero exit status 17.
2024-11-26 15:33:25,485 [INFO]: Stopping Docker Compose services...
2024-11-26 15:33:25,526 [INFO]: Docker Compose services stopped successfully.
2024-11-26 15:36:05,540 [INFO]: Starting the integrated pipeline...
2024-11-26 15:36:05,540 [INFO]: Starting Docker Compose services...
2024-11-26 15:36:10,911 [ERROR]: Failed to start Docker Compose services: None
2024-11-26 15:36:10,911 [ERROR]: Pipeline execution failed: Command '['docker-compose', '-f', '/Users/libowen/SD3rd/bigdata/assign2/bowl/docker-compose.yml', 'up', '-d']' returned non-zero exit status 17.
2024-11-26 15:36:10,911 [INFO]: Stopping Docker Compose services...
2024-11-26 15:36:10,950 [INFO]: Docker Compose services stopped successfully.
2024-11-26 15:40:14,974 [INFO]: Starting the integrated pipeline...
2024-11-26 15:40:14,974 [INFO]: Starting Docker Compose services...
2024-11-26 15:42:37,726 [ERROR]: Failed to start Docker Compose services: None
2024-11-26 15:42:37,726 [ERROR]: Pipeline execution failed: Command '['docker-compose', '-f', '/Users/libowen/SD3rd/bigdata/assign2/bowl/docker-compose.yml', 'up', '-d']' returned non-zero exit status 1.
2024-11-26 15:42:37,726 [INFO]: Stopping Docker Compose services...
2024-11-26 15:42:37,856 [INFO]: Docker Compose services stopped successfully.
2024-11-26 15:44:36,157 [INFO]: Starting the integrated pipeline...
2024-11-26 15:44:36,157 [INFO]: Starting Docker Compose services...
2024-11-26 15:44:36,707 [ERROR]: Failed to start Docker Compose services: None
2024-11-26 15:44:36,708 [ERROR]: Pipeline execution failed: Command '['docker-compose', '-f', '/Users/libowen/SD3rd/bigdata/assign2/bowl/docker-compose.yml', 'up', '-d']' returned non-zero exit status 1.
2024-11-26 15:44:36,708 [INFO]: Stopping Docker Compose services...
2024-11-26 15:44:36,922 [INFO]: Docker Compose services stopped successfully.
2024-11-26 15:44:58,154 [INFO]: Starting the integrated pipeline...
2024-11-26 15:44:58,154 [INFO]: Starting Docker Compose services...
2024-11-26 15:44:58,459 [ERROR]: Failed to start Docker Compose services: None
2024-11-26 15:44:58,459 [ERROR]: Pipeline execution failed: Command '['docker-compose', '-f', '/Users/libowen/SD3rd/bigdata/assign2/bowl/docker-compose.yml', 'up', '-d']' returned non-zero exit status 1.
2024-11-26 15:44:58,459 [INFO]: Stopping Docker Compose services...
2024-11-26 15:44:58,664 [INFO]: Docker Compose services stopped successfully.
2024-11-26 15:45:45,186 [INFO]: Starting the integrated pipeline...
2024-11-26 15:45:45,186 [INFO]: Starting Docker Compose services...
2024-11-26 15:45:45,561 [ERROR]: Failed to start Docker Compose services: None
2024-11-26 15:45:45,561 [ERROR]: Pipeline execution failed: Command '['docker-compose', '-f', '/Users/libowen/SD3rd/bigdata/assign2/bowl/docker-compose.yml', 'up', '-d']' returned non-zero exit status 1.
2024-11-26 15:45:45,561 [INFO]: Stopping Docker Compose services...
2024-11-26 15:45:45,762 [INFO]: Docker Compose services stopped successfully.
2024-11-26 15:47:27,158 [INFO]: Starting the integrated pipeline...
2024-11-26 15:47:27,158 [INFO]: Starting Docker Compose services...
2024-11-26 15:47:27,678 [ERROR]: Failed to start Docker Compose services: None
2024-11-26 15:47:27,679 [ERROR]: Pipeline execution failed: Command '['docker-compose', '-f', '/Users/libowen/SD3rd/bigdata/assign2/bowl/docker-compose.yml', 'up', '-d']' returned non-zero exit status 1.
2024-11-26 15:47:27,679 [INFO]: Stopping Docker Compose services...
2024-11-26 15:47:27,895 [INFO]: Docker Compose services stopped successfully.
2024-11-26 15:48:37,687 [INFO]: Starting the integrated pipeline...
2024-11-26 15:48:37,688 [INFO]: Starting Docker Compose services...
2024-11-26 15:48:38,241 [INFO]: Docker Compose services started successfully.
2024-11-26 15:48:38,241 [INFO]: Checking if bucket 'mlflow' exists in MinIO...
2024-11-26 15:48:38,572 [INFO]: Bucket 'mlflow' does not exist. Creating it...
2024-11-26 15:48:38,793 [INFO]: Bucket 'mlflow' created successfully.
2024-11-26 15:48:38,793 [INFO]: Starting model training...
2024-11-26 15:48:38,817 [ERROR]: Failed to train model: None
2024-11-26 15:48:38,818 [ERROR]: Pipeline execution failed: Command '['python3', '/Users/libowen/SD3rd/bigdata/assign2/bowl/Assignment2-train_model']' returned non-zero exit status 2.
2024-11-26 15:48:38,818 [INFO]: Stopping Docker Compose services...
2024-11-26 15:48:42,717 [INFO]: Docker Compose services stopped successfully.
2024-11-26 15:51:23,273 [INFO]: Starting the integrated pipeline...
2024-11-26 15:51:23,274 [INFO]: Starting Docker Compose services...
2024-11-26 15:51:23,893 [INFO]: Docker Compose services started successfully.
2024-11-26 15:51:23,893 [INFO]: Checking if bucket 'mlflow' exists in MinIO...
2024-11-26 15:51:24,264 [INFO]: Bucket 'mlflow' already exists.
2024-11-26 15:51:24,264 [INFO]: Starting model training...
2024-11-26 15:57:44,286 [INFO]: Model training completed successfully.
2024-11-26 15:57:44,286 [INFO]: Uploading model to MinIO...
2024-11-26 15:57:44,286 [ERROR]: Model directory is empty or does not exist.
2024-11-26 15:57:44,286 [ERROR]: Pipeline execution failed: Model directory /Users/libowen/SD3rd/bigdata/assign2/bowl/saved_model is empty or does not exist.
2024-11-26 15:57:44,286 [INFO]: Stopping Docker Compose services...
2024-11-26 15:57:44,661 [INFO]: Docker Compose services stopped successfully.
2024-11-26 16:01:36,380 [INFO]: Starting the integrated pipeline...
2024-11-26 16:01:36,381 [INFO]: Starting Docker Compose services...
2024-11-26 16:01:37,090 [INFO]: Docker Compose services started successfully.
2024-11-26 16:01:37,090 [INFO]: Checking if bucket 'mlflow' exists in MinIO...
2024-11-26 16:01:37,471 [INFO]: Bucket 'mlflow' already exists.
2024-11-26 16:01:37,472 [INFO]: Starting model training...
2024-11-26 16:05:29,461 [INFO]: Model training completed successfully.
2024-11-26 16:05:29,462 [INFO]: Uploading model to MinIO...
2024-11-26 16:05:29,462 [ERROR]: Model directory is empty or does not exist.
2024-11-26 16:05:29,462 [ERROR]: Pipeline execution failed: Model directory /Users/libowen/SD3rd/bigdata/assign2/bowl/saved_model is empty or does not exist.
2024-11-26 16:05:29,462 [INFO]: Stopping Docker Compose services...
2024-11-26 16:05:29,814 [INFO]: Docker Compose services stopped successfully.
2024-11-26 16:12:12,894 [INFO]: Starting the integrated pipeline...
2024-11-26 16:12:12,894 [INFO]: Starting Docker Compose services...
2024-11-26 16:12:14,221 [INFO]: Docker Compose services started successfully.
2024-11-26 16:12:14,221 [INFO]: Checking if bucket 'mlflow' exists in MinIO...
2024-11-26 16:12:14,391 [INFO]: Bucket 'mlflow' does not exist. Creating it...
2024-11-26 16:12:15,183 [ERROR]: Failed to ensure bucket exists: None
2024-11-26 16:12:15,184 [ERROR]: Pipeline execution failed: Command '['mc', 'mb', 'minio/mlflow']' returned non-zero exit status 1.
2024-11-26 16:12:15,184 [INFO]: Stopping Docker Compose services...
2024-11-26 16:12:15,460 [INFO]: Docker Compose services stopped successfully.
2024-11-26 16:13:13,649 [INFO]: Starting the integrated pipeline...
2024-11-26 16:13:13,649 [INFO]: Starting Docker Compose services...
2024-11-26 16:13:13,966 [INFO]: Docker Compose services started successfully.
2024-11-26 16:13:13,966 [INFO]: Checking if bucket 'mlflow' exists in MinIO...
2024-11-26 16:13:14,077 [INFO]: Bucket 'mlflow' does not exist. Creating it...
2024-11-26 16:13:14,227 [ERROR]: Failed to ensure bucket exists: None
2024-11-26 16:13:14,227 [ERROR]: Pipeline execution failed: Command '['mc', 'mb', 'minio/mlflow']' returned non-zero exit status 1.
2024-11-26 16:13:14,227 [INFO]: Stopping Docker Compose services...
2024-11-26 16:13:14,698 [INFO]: Docker Compose services stopped successfully.
2024-11-26 16:14:31,341 [INFO]: Starting the integrated pipeline...
2024-11-26 16:14:31,341 [INFO]: Starting Docker Compose services...
2024-11-26 16:14:31,659 [INFO]: Docker Compose services started successfully.
2024-11-26 16:14:31,659 [INFO]: Checking if bucket 'mlflow' exists in MinIO...
2024-11-26 16:14:31,780 [INFO]: Bucket 'mlflow' already exists.
2024-11-26 16:14:31,780 [INFO]: Starting model training...
2024-11-26 16:14:34,564 [ERROR]: Failed to train model: None
2024-11-26 16:14:34,564 [ERROR]: Pipeline execution failed: Command '['python3', '/Users/libowen/SD3rd/bigdata/assign2/bowl/Assignment2-train_model.py']' returned non-zero exit status 1.
2024-11-26 16:14:34,564 [INFO]: Stopping Docker Compose services...
2024-11-26 16:14:34,764 [INFO]: Docker Compose services stopped successfully.
2024-11-26 16:16:11,667 [INFO]: Starting the integrated pipeline...
2024-11-26 16:16:11,667 [INFO]: Starting Docker Compose services...
2024-11-26 16:16:11,959 [INFO]: Docker Compose services started successfully.
2024-11-26 16:16:11,959 [INFO]: Checking if bucket 'mlflow' exists in MinIO...
2024-11-26 16:16:12,065 [INFO]: Bucket 'mlflow' does not exist. Creating it...
2024-11-26 16:16:12,215 [ERROR]: Failed to ensure bucket exists: None
2024-11-26 16:16:12,215 [ERROR]: Pipeline execution failed: Command '['mc', 'mb', 'minio/mlflow']' returned non-zero exit status 1.
2024-11-26 16:16:12,215 [INFO]: Stopping Docker Compose services...
2024-11-26 16:16:12,675 [INFO]: Docker Compose services stopped successfully.
2024-11-26 16:16:32,059 [INFO]: Starting the integrated pipeline...
2024-11-26 16:16:32,059 [INFO]: Starting Docker Compose services...
2024-11-26 16:16:32,363 [INFO]: Docker Compose services started successfully.
2024-11-26 16:16:32,363 [INFO]: Checking if bucket 'mlflow' exists in MinIO...
2024-11-26 16:16:32,481 [INFO]: Bucket 'mlflow' does not exist. Creating it...
2024-11-26 16:16:32,643 [ERROR]: Failed to ensure bucket exists: None
2024-11-26 16:16:32,643 [ERROR]: Pipeline execution failed: Command '['mc', 'mb', 'minio/mlflow']' returned non-zero exit status 1.
2024-11-26 16:16:32,643 [INFO]: Stopping Docker Compose services...
2024-11-26 16:16:33,060 [INFO]: Docker Compose services stopped successfully.
2024-11-26 16:17:21,576 [INFO]: Starting the integrated pipeline...
2024-11-26 16:17:21,576 [INFO]: Starting Docker Compose services...
2024-11-26 16:17:21,897 [INFO]: Docker Compose services started successfully.
2024-11-26 16:17:21,897 [INFO]: Checking if bucket 'mlflow' exists in MinIO...
2024-11-26 16:17:22,014 [INFO]: Bucket 'mlflow' already exists.
2024-11-26 16:17:22,015 [INFO]: Starting model training...
2024-11-26 16:21:54,249 [INFO]: Model training completed successfully.
2024-11-26 16:21:54,249 [INFO]: Uploading model to MinIO...
2024-11-26 16:21:54,571 [INFO]: Model uploaded to MinIO successfully.
2024-11-26 16:21:54,571 [INFO]: Pipeline completed successfully.
2024-11-27 15:49:55,104 [INFO]: Starting the integrated pipeline...
2024-11-27 15:50:00,226 [INFO]: Cron job added successfully.
2024-11-27 15:50:00,226 [INFO]: Starting Docker Compose services...
2024-11-27 15:50:00,544 [INFO]: Docker Compose services started successfully.
2024-11-27 15:50:00,544 [INFO]: Checking if bucket 'mlflow' exists in MinIO...
2024-11-27 15:50:00,800 [INFO]: Bucket 'mlflow' already exists.
2024-11-27 15:50:00,800 [INFO]: Starting model training...
2024-11-27 15:53:16,093 [INFO]: Model training completed successfully.
2024-11-27 15:53:16,093 [INFO]: Uploading model to MinIO...
2024-11-27 15:53:16,316 [INFO]: Model uploaded to MinIO successfully.
2024-11-27 15:53:16,316 [INFO]: Pipeline completed successfully.
2024-11-27 17:35:55,993 [INFO]: Starting the integrated pipeline...
2024-11-27 17:35:55,998 [INFO]: Cron job already exists.
2024-11-27 17:35:55,998 [INFO]: Starting Docker Compose services...
2024-11-27 17:35:56,271 [INFO]: Docker Compose services started successfully.
2024-11-27 17:35:56,272 [INFO]: Checking if bucket 'mlflow' exists in MinIO...
2024-11-27 17:35:56,502 [INFO]: Bucket 'mlflow' already exists.
2024-11-27 17:35:56,502 [INFO]: Starting model training...
2024-11-27 17:39:11,457 [INFO]: Model training completed successfully.
2024-11-27 17:39:11,457 [INFO]: Uploading model to MinIO...
2024-11-27 17:39:11,723 [INFO]: Model uploaded to MinIO successfully.
2024-11-27 17:39:11,723 [INFO]: Pipeline completed successfully.
